<?xml version="1.0" encoding="UTF-8"?>
<testng-results ignored="0" total="4" passed="4" failed="0" skipped="0">
  <reporter-output>
  </reporter-output>
  <suite started-at="2024-05-01T14:35:52 IST" name="Default suite" finished-at="2024-05-01T14:36:00 IST" duration-ms="7620">
    <groups>
    </groups>
    <test started-at="2024-05-01T14:35:52 IST" name="Default test" finished-at="2024-05-01T14:36:00 IST" duration-ms="7620">
      <class name="api.test.UserTests">
        <test-method is-config="true" signature="setupData()[pri:0, instance:api.test.UserTests@5149d738]" started-at="2024-05-01T14:35:52 IST" name="setupData" finished-at="2024-05-01T14:35:52 IST" duration-ms="183" status="PASS">
          <reporter-output>
          </reporter-output>
        </test-method> <!-- setupData -->
        <test-method signature="createUser()[pri:1, instance:api.test.UserTests@5149d738]" started-at="2024-05-01T14:35:52 IST" name="createUser" finished-at="2024-05-01T14:35:55 IST" duration-ms="2823" status="PASS">
          <reporter-output>
          </reporter-output>
        </test-method> <!-- createUser -->
        <test-method signature="getUserByName()[pri:2, instance:api.test.UserTests@5149d738]" started-at="2024-05-01T14:35:55 IST" name="getUserByName" finished-at="2024-05-01T14:35:56 IST" duration-ms="1219" status="PASS">
          <reporter-output>
          </reporter-output>
        </test-method> <!-- getUserByName -->
        <test-method signature="updateUserByName()[pri:3, instance:api.test.UserTests@5149d738]" started-at="2024-05-01T14:35:56 IST" name="updateUserByName" finished-at="2024-05-01T14:35:59 IST" duration-ms="2244" status="PASS">
          <reporter-output>
          </reporter-output>
        </test-method> <!-- updateUserByName -->
        <test-method signature="deleteUserByName()[pri:4, instance:api.test.UserTests@5149d738]" started-at="2024-05-01T14:35:59 IST" name="deleteUserByName" finished-at="2024-05-01T14:36:00 IST" duration-ms="1102" status="PASS">
          <reporter-output>
          </reporter-output>
        </test-method> <!-- deleteUserByName -->
      </class> <!-- api.test.UserTests -->
    </test> <!-- Default test -->
  </suite> <!-- Default suite -->
</testng-results>
