<?xml version="1.0" encoding="UTF-8"?>
<!-- Generated by org.testng.reporters.JUnitXMLReporter -->
<testsuite ignored="0" hostname="Shubh-Pia" failures="0" tests="4" name="Default test" time="7.62" errors="0" timestamp="2024-05-01T14:36:00 IST">
  <testcase classname="api.test.UserTests" name="createUser" time="2.823"/>
  <testcase classname="api.test.UserTests" name="getUserByName" time="1.219"/>
  <testcase classname="api.test.UserTests" name="updateUserByName" time="2.244"/>
  <testcase classname="api.test.UserTests" name="deleteUserByName" time="1.102"/>
</testsuite> <!-- Default test -->
